[    0.000000] Linux version 4.15.0-33-generic (buildd@lcy01-amd64-024) (gcc version 7.3.0 (Ubuntu 7.3.0-16ubuntu3)) #36-Ubuntu SMP Wed Aug 15 16:00:05 UTC 2018 (Ubuntu 4.15.0-33.36-generic 4.15.18)
[    0.000000] Command line: BOOT_IMAGE=/boot/vmlinuz-4.15.0-33-generic root=LABEL=cloudimg-rootfs ro console=tty1 console=ttyS0
[    0.000000] KERNEL supported cpus:
[    0.000000]   Intel GenuineIntel
[    0.000000]   AMD AuthenticAMD
[    0.000000]   Centaur CentaurHauls
[    0.000000] x86/fpu: Supporting XSAVE feature 0x001: 'x87 floating point registers'
[    0.000000] x86/fpu: Supporting XSAVE feature 0x002: 'SSE registers'
[    0.000000] x86/fpu: Supporting XSAVE feature 0x004: 'AVX registers'
[    0.000000] x86/fpu: xstate_offset[2]:  576, xstate_sizes[2]:  256
[    0.000000] x86/fpu: Enabled xstate features 0x7, context size is 832 bytes, using 'standard' format.
[    0.000000] e820: BIOS-provided physical RAM map:
[    0.000000] BIOS-e820: [mem 0x0000000000000000-0x000000000009fbff] usable
[    0.000000] BIOS-e820: [mem 0x000000000009fc00-0x000000000009ffff] reserved
[    0.000000] BIOS-e820: [mem 0x00000000000f0000-0x00000000000fffff] reserved
[    0.000000] BIOS-e820: [mem 0x0000000000100000-0x000000003ffeffff] usable
[    0.000000] BIOS-e820: [mem 0x000000003fff0000-0x000000003fffffff] ACPI data
[    0.000000] BIOS-e820: [mem 0x00000000fec00000-0x00000000fec00fff] reserved
[    0.000000] BIOS-e820: [mem 0x00000000fee00000-0x00000000fee00fff] reserved
[    0.000000] BIOS-e820: [mem 0x00000000fffc0000-0x00000000ffffffff] reserved
[    0.000000] NX (Execute Disable) protection: active
[    0.000000] SMBIOS 2.5 present.
[    0.000000] DMI: innotek GmbH VirtualBox/VirtualBox, BIOS VirtualBox 12/01/2006
[    0.000000] Hypervisor detected: KVM
[    0.000000] e820: last_pfn = 0x3fff0 max_arch_pfn = 0x400000000
[    0.000000] MTRR: Disabled
[    0.000000] x86/PAT: MTRRs disabled, skipping PAT initialization too.
[    0.000000] CPU MTRRs all blank - virtualized system.
[    0.000000] x86/PAT: Configuration [0-7]: WB  WT  UC- UC  WB  WT  UC- UC  
[    0.000000] found SMP MP-table at [mem 0x0009fff0-0x0009ffff] mapped at [        (ptrval)]
[    0.000000] Scanning 1 areas for low memory corruption
[    0.000000] RAMDISK: [mem 0x35ae5000-0x36d69fff]
[    0.000000] ACPI: Early table checksum verification disabled
[    0.000000] ACPI: RSDP 0x00000000000E0000 000024 (v02 VBOX  )
[    0.000000] ACPI: XSDT 0x000000003FFF0030 00003C (v01 VBOX   VBOXXSDT 00000001 ASL  00000061)
[    0.000000] ACPI: FACP 0x000000003FFF00F0 0000F4 (v04 VBOX   VBOXFACP 00000001 ASL  00000061)
[    0.000000] ACPI: DSDT 0x000000003FFF0470 0021FF (v02 VBOX   VBOXBIOS 00000002 INTL 20180105)
[    0.000000] ACPI: FACS 0x000000003FFF0200 000040
[    0.000000] ACPI: FACS 0x000000003FFF0200 000040
[    0.000000] ACPI: APIC 0x000000003FFF0240 00005C (v02 VBOX   VBOXAPIC 00000001 ASL  00000061)
[    0.000000] ACPI: SSDT 0x000000003FFF02A0 0001CC (v01 VBOX   VBOXCPUT 00000002 INTL 20180105)
[    0.000000] No NUMA configuration found
[    0.000000] Faking a node at [mem 0x0000000000000000-0x000000003ffeffff]
[    0.000000] NODE_DATA(0) allocated [mem 0x3ffc5000-0x3ffeffff]
[    0.000000] kvm-clock: cpu 0, msr 0:3ff44001, primary cpu clock
[    0.000000] kvm-clock: Using msrs 4b564d01 and 4b564d00
[    0.000000] kvm-clock: using sched offset of 3297720917 cycles
[    0.000000] clocksource: kvm-clock: mask: 0xffffffffffffffff max_cycles: 0x1cd42e4dffb, max_idle_ns: 881590591483 ns
[    0.000000] Zone ranges:
[    0.000000]   DMA      [mem 0x0000000000001000-0x0000000000ffffff]
[    0.000000]   DMA32    [mem 0x0000000001000000-0x000000003ffeffff]
[    0.000000]   Normal   empty
[    0.000000]   Device   empty
[    0.000000] Movable zone start for each node
[    0.000000] Early memory node ranges
[    0.000000]   node   0: [mem 0x0000000000001000-0x000000000009efff]
[    0.000000]   node   0: [mem 0x0000000000100000-0x000000003ffeffff]
[    0.000000] Initmem setup node 0 [mem 0x0000000000001000-0x000000003ffeffff]
[    0.000000] Reserved but unavailable: 98 pages
[    0.000000] ACPI: PM-Timer IO Port: 0x4008
[    0.000000] IOAPIC[0]: apic_id 2, version 32, address 0xfec00000, GSI 0-23
[    0.000000] ACPI: INT_SRC_OVR (bus 0 bus_irq 0 global_irq 2 dfl dfl)
[    0.000000] ACPI: INT_SRC_OVR (bus 0 bus_irq 9 global_irq 9 low level)
[    0.000000] Using ACPI (MADT) for SMP configuration information
[    0.000000] smpboot: Allowing 2 CPUs, 0 hotplug CPUs
[    0.000000] PM: Registered nosave memory: [mem 0x00000000-0x00000fff]
[    0.000000] PM: Registered nosave memory: [mem 0x0009f000-0x0009ffff]
[    0.000000] PM: Registered nosave memory: [mem 0x000a0000-0x000effff]
[    0.000000] PM: Registered nosave memory: [mem 0x000f0000-0x000fffff]
[    0.000000] e820: [mem 0x40000000-0xfebfffff] available for PCI devices
[    0.000000] Booting paravirtualized kernel on KVM
[    0.000000] clocksource: refined-jiffies: mask: 0xfffffff max_ycles: 0xffffffff, max_idle_ns: 7645519600211568 ns
[    0.000000] random: get_random_bytes called from start_kernel+0x99/0x4fd with crng_init=0
[    0.000000] setup_percpu: NR_CPUS:8192 nr_cpumask_bits:2 nr_cpu_ids:2 nr_node_ids:1
[    0.000000] percpu: Embedded 46 pages/cpu @        (ptrval) s151552 r8192 d28672 u1048576
[    0.000000] PV qspinlock hash table entries: 256 (order: 0, 4096 bytes)
[    0.000000] Built 1 zonelists, mobility grouping on.  Total pages: 257913
[    0.000000] Policy zone: DMA32
[    0.000000] Kernel command line: BOOT_IMAGE=/boot/vmlinuz-4.15.0-33-generic root=LABEL=cloudimg-rootfs ro console=tty1 console=ttyS0
[    0.000000] Memory: 983620K/1048120K available (12300K kernel code, 2470K rwdata, 4244K rodata, 2408K init, 2416K bss, 64500K reserved, 0K cma-reserved)
[    0.000000] SLUB: HWalign=64, Order=0-3, MinObjects=0, CPUs=2, Nodes=1
[    0.000000] Kernel/User page tables isolation: enabled
[    0.000000] ftrace: allocating 39121 entries in 153 pages
[    0.004000] Hierarchical RCU implementation.
[    0.004000] 	RCU restricting CPUs from NR_CPUS=8192 to nr_cpu_ids=2.
[    0.004000] 	Tasks RCU enabled.
[    0.004000] RCU: Adjusting geometry for rcu_fanout_leaf=16, nr_cpu_ids=2
[    0.004000] NR_IRQS: 524544, nr_irqs: 440, preallocated irqs: 16
[    0.004000] Console: colour VGA+ 80x25
[    0.004000] console [tty1] enabled
[    0.004000] console [ttyS0] enabled
[    0.004000] ACPI: Core revision 20170831
[    0.004000] ACPI: 2 ACPI AML tables successfully acquired and loaded
[    0.004000] APIC: Switch to symmetric I/O mode setup
[    0.004000] x2apic enabled
[    0.004006] Switched APIC routing to physical x2apic.
[    0.008881] ..TIMER: vector=0x30 apic1=0 pin1=2 apic2=-1 pin2=-1
[    0.012017] tsc: Detected 3192.000 MHz processor
[    0.016012] Calibrating delay loop (skipped) preset value.. 6384.00 BogoMIPS (lpj=12768000)
[    0.016978] pid_max: default: 32768 minimum: 301
[    0.020031] Security Framework initialized
[    0.020529] Yama: becoming mindful.
[    0.021025] AppArmor: AppArmor initialized
[    0.024465] Dentry cache hash table entries: 131072 (order: 8, 1048576 bytes)
[    0.028064] Inode-cache hash table entries: 65536 (order: 7, 524288 bytes)
[    0.032015] Mount-cache hash table entries: 2048 (order: 2, 16384 bytes)
[    0.032844] Mountpoint-cache hash table entries: 2048 (order: 2, 16384 bytes)
[    0.033901] mce: CPU supports 0 MCE banks
[    0.034419] Last level iTLB entries: 4KB 128, 2MB 8, 4MB 8
[    0.035100] Last level dTLB entries: 4KB 64, 2MB 0, 4MB 0, 1GB 4
[    0.036002] Spectre V2 : Mitigation: Full generic retpoline
[    0.036835] Spectre V2 : Spectre v2 mitigation: Filling RSB on context switch
[    0.040003] Speculative Store Bypass: Vulnerable
[    0.044082] Freeing SMP alternatives memory: 36K
[    0.052000] smpboot: CPU0: Intel(R) Core(TM) i5-6500 CPU @ 3.20GHz (family: 0x6, model: 0x5e, stepping: 0x3)
[    0.052072] Performance Events: unsupported p6 CPU model 94 no PMU driver, software events only.
[    0.056052] Hierarchical SRCU implementation.
[    0.060545] NMI watchdog: Perf event create on CPU 0 failed with -2
[    0.061303] NMI watchdog: Perf NMI watchdog permanently disabled
[    0.064040] smp: Bringing up secondary CPUs ...
[    0.065533] x86: Booting SMP configuration:
[    0.066977] .... node  #0, CPUs:      #1
[    0.004000] kvm-clock: cpu 1, msr 0:3ff44041, secondary cpu clock
[    0.004000] mce: CPU supports 0 MCE banks
[    0.091993] smp: Brought up 1 node, 2 CPUs
[    0.092006] smpboot: Max logical packages: 1
[    0.092601] smpboot: Total of 2 processors activated (12768.00 BogoMIPS)
[    0.093522] devtmpfs: initialized
[    0.093522] x86/mm: Memory block size: 128MB
[    0.096118] evm: security.selinux
[    0.100004] evm: security.SMACK64
[    0.104004] evm: security.SMACK64EXEC
[    0.108003] evm: security.SMACK64TRANSMUTE
[    0.112002] evm: security.SMACK64MMAP
[    0.112511] evm: security.apparmor
[    0.116004] evm: security.ima
[    0.116459] evm: security.capability
[    0.116955] clocksource: jiffies: mask: 0xffffffff max_cycles: 0xffffffff, max_idle_ns: 7645041785100000 ns
[    0.117135] futex hash table entries: 512 (order: 3, 32768 bytes)
[    0.120139] pinctrl core: initialized pinctrl subsystem
[    0.124498] RTC time:  2:56:30, date: 08/30/18
[    0.128183] NET: Registered protocol family 16
[    0.132081] audit: initializing netlink subsys (disabled)
[    0.132789] audit: type=2000 audit(1535597790.105:1): state=initialized audit_enabled=0 res=1
[    0.133096] cpuidle: using governor ladder
[    0.136010] cpuidle: using governor menu
[    0.136619] ACPI: bus type PCI registered
[    0.140006] acpiphp: ACPI Hot Plug PCI Controller Driver version: 0.5
[    0.144090] PCI: Using configuration type 1 for base access
[    0.144861] HugeTLB registered 2.00 MiB page size, pre-allocated 0 pages
[    0.144861] ACPI: Added _OSI(Module Device)
[    0.148006] ACPI: Added _OSI(Processor Device)
[    0.148581] ACPI: Added _OSI(3.0 _SCP Extensions)
[    0.149177] ACPI: Added _OSI(Processor Aggregator Device)
[    0.149822] ACPI: Added _OSI(Linux-Dell-Video)
[    0.150578] ACPI: Executed 1 blocks of module-level executable AML code
[    0.154594] ACPI: Interpreter enabled
[    0.156012] ACPI: (supports S0 S5)
[    0.160005] ACPI: Using IOAPIC for interrupt routing
[    0.164238] PCI: Using host bridge windows from ACPI; if necessary, use "pci=nocrs" and report a bug
[    0.168165] ACPI: Enabled 2 GPEs in block 00 to 07
[    0.179489] ACPI: PCI Root Bridge [PCI0] (domain 0000 [bus 00-ff])
[    0.180014] acpi PNP0A03:00: _OSC: OS supports [ASPM ClockPM Segments MSI]
[    0.184039] acpi PNP0A03:00: _OSC: not requesting OS control; OS requires [ExtendedConfig ASPM ClockPM MSI]
[    0.188017] acpi PNP0A03:00: fail to add MMCONFIG information, can't access extended PCI configuration space under this bridge.
[    0.196275] PCI host bridge to bus 0000:00
[    0.200007] pci_bus 0000:00: root bus resource [io  0x0000-0x0cf7 window]
[    0.204007] pci_bus 0000:00: root bus resource [io  0x0d00-0xffff window]
[    0.208007] pci_bus 0000:00: root bus resource [mem 0x000a0000-0x000bffff window]
[    0.212007] pci_bus 0000:00: root bus resource [mem 0x40000000-0xfdffffff window]
[    0.216008] pci_bus 0000:00: root bus resource [bus 00-ff]
[    0.221841] pci 0000:00:01.1: legacy IDE quirk: reg 0x10: [io  0x01f0-0x01f7]
[    0.224006] pci 0000:00:01.1: legacy IDE quirk: reg 0x14: [io  0x03f6]
[    0.228006] pci 0000:00:01.1: legacy IDE quirk: reg 0x18: [io  0x0170-0x0177]
[    0.232005] pci 0000:00:01.1: legacy IDE quirk: reg 0x1c: [io  0x0376]
[    0.245619] pci 0000:00:07.0: quirk: [io  0x4000-0x403f] claimed by PIIX4 ACPI
[    0.248016] pci 0000:00:07.0: quirk: [io  0x4100-0x410f] claimed by PIIX4 SMB
[    0.262415] ACPI: PCI Interrupt Link [LNKA] (IRQs 5 9 10 *11)
[    0.264274] ACPI: PCI Interrupt Link [LNKB] (IRQs 5 9 *10 11)
[    0.268122] ACPI: PCI Interrupt Link [LNKC] (IRQs 5 *9 10 11)
[    0.272107] ACPI: PCI Interrupt Link [LNKD] (IRQs 5 9 10 *11)
[    0.280198] SCSI subsystem initialized
[    0.284069] pci 0000:00:02.0: vgaarb: setting as boot VGA device
[    0.288000] pci 0000:00:02.0: vgaarb: VGA device added: decodes=io+mem,owns=io+mem,locks=none
[    0.288009] pci 0000:00:02.0: vgaarb: bridge control possible
[    0.292003] vgaarb: loaded
[    0.292440] ACPI: bus type USB registered
[    0.293023] usbcore: registered new interface driver usbfs
[    0.293689] usbcore: registered new interface driver hub
[    0.294346] usbcore: registered new device driver usb
[    0.296067] EDAC MC: Ver: 3.0.0
[    0.300190] PCI: Using ACPI for IRQ routing
[    0.304259] NetLabel: Initializing
[    0.308004] NetLabel:  domain hash size = 128
[    0.312003] NetLabel:  protocols = UNLABELED CIPSOv4 CALIPSO
[    0.316026] NetLabel:  unlabeled traffic allowed by default
[    0.316769] clocksource: Switched to clocksource kvm-clock
[    0.324982] V: skuos uo_6.6.0
    0.653597] VFS: Dquot-cache hash table entri: 2 rd 040 bes

[    1.017113] AppArmor: AppArmor Filesystem Enabled
[  1636]npPnAC int[    1.604106] pnp: PnP ACPI: found 3 devices
[  1517]losoceacpi_pm: mask: 0xffffff maxycs:xfff m_ie_: 8510 n
[  2.574651] NET: Register ptol mi 2
[    2.992488] TCP established hash table entries: 8192 (order: 4, 65536 bytes)
[    3.053570] TCP bind hash table entries: 8192 (order: 5, 131072 bytes)
[    3.054362] TCP: Hash tables configured (established 8192 bind 8192)
  3.30] P shab eris: 512 (order: 2, 16384 bytes)
  3.28] P-teas table entries: 512 (order: 2, 16384 bytes)
[  4026]ETRester potocol family 1
[  4027]ci000:00:00.0: Limiting direct PCI/PCI transfers
[    4.918802] pci 0000:00:01.0: Activating ISA DMA hang workarounds
[    4.919585] pc00:0020: Video device with shadowed ROM at [mem 0x000c0000-0x000dffff]
  5.27] paing initramfs...
[    5.926753] Freeing initrd memory: 18964K
[    6.011285] platform rtc_cmos: registered platform RTC device (no PNP device found)
[    6.012266] Scanning for low memory corruption every 60 seconds
[    6.052974] Initialise system trusted keyrings
[    6.081830] Key type blacklist registered
[    6.199116] workingset: timestamp_bits=36 max_order=18 bucket_order=0
[    6.398221] zbud: loaded
[    6.474971] squashfs: version 4.0 (2009/01/31) Phillip Lougher
[    6.585993] fuse init (API version 7.26)
[    6.589398] Key type asymmetric registered
[    6.589917] Asymmetric key parser 'x509' registered
[    6.590532] Block layer SCSI generic (bsg) driver version 0.4 loaded (major 246)
[    6.591553] io scheduler noop registered
[    6.592055] io scheduler deadline registered
[    6.684979] io scheduler cfq registered (default)
[    6.685854] ACPI: AC Adapter [AC] (on-line)
[    6.686396] input: Power Button as /devices/LNXSYSTM:00/LNXPWRBN:00/input/input0
[    6.687384] ACPI: Power Button [PWRF]
[    6.687907] input: Sleep Button as /devices/LNXSYSTM:00/LNXSLPBN:00/input/input1
[    6.688867] ACPI: Sleep Button [SLPF]
[    6.689723] Serial: 8250/16550 driver, 32 ports, IRQ sharing enabled
[    6.712058] 00:02: ttyS0 at I/O 0x3f8 (irq = 4, base_baud = 115200) is a 16550A
[    6.785697] Linux agpgart interface v0.103
[    6.787645] loop: module loaded
[    6.788528] scsi host0: ata_piix
[    6.789126] scsi host1: ata_piix
[    6.789567] ata1: PATA max UDMA/33 cmd 0x1f0 ctl 0x3f6 bmdma 0xd000 irq 14
[    6.790334] ata2: PATA max UDMA/33 cmd 0x170 ctl 0x376 bmdma 0xd008 irq 15
[    6.791210] libphy: Fixed MDIO Bus: probed
[    6.791813] tun: Universal TUN/TAP device driver, 1.6
[    6.792592] PPP generic driver version 2.4.2
[    6.793224] ehci_hcd: USB 2.0 'Enhanced' Host Controller (EHCI) Driver
[    6.793971] ehci-pci: EHCI PCI platform driver
[    6.794506] ehci-platform: EHCI generic platform driver
[    6.885343] ohci_hcd: USB 1.1 'Open' Host Controller (OHCI) Driver
[    6.886049] ohci-pci: OHCI PCI platform driver
[    6.886583] ohci-platform: OHCI generic platform driver
[    6.887188] uhci_hcd: USB Universal Host Controller Interface driver
[    6.887944] i8042: PNP: PS/2 Controller [PNP0303:PS2K,PNP0f03:PS2M] at 0x60,0x64 irq 1,12
[    6.889336] serio: i8042 KBD port at 0x60,0x64 irq 1
[    6.889927] serio: i8042 AUX port at 0x60,0x64 irq 12
[    6.890695] mousedev: PS/2 mouse device common for all mice
[    6.892023] input: AT Translated Set 2 keyboard as /devices/platform/i8042/serio0/input/input2
[    6.893246] rtc_cmos rtc_cmos: rtc core: registered rtc_cmos as rtc0
[    6.894005] rtc_cmos rtc_cmos: alarms up to one day, 114 bytes nvram
[    6.894825] i2c /dev entries driver
[    6.895321] device-mapper: uevent: version 1.0.3
[    6.895961] device-mapper: ioctl: 4.37.0-ioctl (2017-09-20) initialised: dm-devel@redhat.com
[    6.993713] ledtrig-cpu: registered to indicate activity on CPUs
[    7.073438] tsc: Refined TSC clocksource calibration: 3192.290 MHz
[    7.074174] clocksource: tsc: mask: 0xffffffffffffffff max_cycles: 0x2e03d694f59, max_idle_ns: 440795326079 ns
[    7.075858] NET: Registered protocol family 10
[    7.132571] Segment Routing with IPv6
[    7.188167] NET: Registered protocol family 17
[    7.188928] Key type dns_resolver registered
[    7.189715] RAS: Correctable Errors collector initialized.
[    7.190381] sched_clock: Marking stable (7189641699, 0)->(17247655225, -10058013526)
[    7.191628] registered taskstats version 1
[    7.192193] Loading compiled-in X.509 certificates
[    7.195187] Loaded X.509 cert 'Build time autogenerated krree  key: b2b2adbda3eef7b219e699c1b87c022096150517'
[    7.401275] zswap: loaded using pool lzo/zbud
[    7.405118] Key type big_key registered
[    7.405639] Key type trusted registered
[    7.407447] Key type encrypted registered
[    ..407971] AppArmor: AppArmor sha1 policy hashing enabled
[    7.541141] ima: No TPM chip found, activating TPM-bypass! (rc=-19)
[    7.541893] evm: HMAC attrs: 0x1
[    7.542583]   Magic number: 14:367:916
[    7.543067] tty ptmx: hash matches
[    7.543610] rtc_cmos rtc_cmos: setting system clock to 2018-08-30 02:56:42 UTC (1535597802)
[    7.781264] BIOS EDD facility v0.16 2004-Jun-25, 0 devices found
[    7.781999] EDD information not available.
[    7.784894] Freeing unused kernel memory: 2408K
[    7.800168] Write protecting the kernel read-only data: 20480k
[    8.220928] Freeing unused kernel memory: 2008K
[    8.313712] Freeing unused kernel memory: 1900K
[    8.318465] x86/mm: Checked W+X mappings: passed, no W+X pages found.
[    8.319206] x86/mm: Checking user space page tables
[    8.324040] x86/mm: Checked W+X mappings: passed, no W+X pages found.
Loading, please wait...
starting version 237
[    8.375378] Fusion MPT base driver 3.04.20
[    8.560318] Copyright (c) 1999-2008 LSI Corporation
[    8.590206] Fusion MPT SPI Host driver 3.04.20
[    8.591439] e1000: Intel(R) PRO/1000 Network Driver - version 7.3.21-k8-NAPI
[    8.591440] e1000: Copyright (c) 1999-2006 Intel Corporation.
[    8.827109] input: ImExPS/2 Generic Explorer Mouse as /devices/platform/i8042/serio1/input/input4
[    8.829881] AVX2 version of gcm_enc/dec engaged.
[    8.840094] AES CTR mode by8 optimization enabled
[    9.163790] e1000 0000:00:03.0 eth0: (PCI:33MHz:32-bit) 02:5f:45:77:d1:f5
[    9.891599] e1000 0000:00:03.0 eth0: Intel(R) PRO/1000 Network Connection
[   10.629691] e1000 0000:00:08.0 eth1: (PCI:33MHz:32-bit) 08:00:27:06:0a:2a
[   10.831587] e1000 0000:00:08.0 eth1: Intel(R) PRO/1000 Network Connection
[   10.833173] e1000 0000:00:08.0 enp0s8: renamed from eth1
[   10.940737] mptbase: ioc0: Initiating bringup
[   10.984814] e1000 0000:00:03.0 enp0s3: renamed from eth0
[   11.036329] ioc0: LSI53C1030 A0: Capabilities={Initiator}
[   11.644196] scsi host2: ioc0: LSI53C1030 A0, FwRev=00000000h, Ports=1, MaxQ=256, IRQ=20
[   12.541049] scsi 2:0:0:0: Direct-Access     VBOX     HARDDISK         1.0  PQ: 0 ANSI: 5
[   12.836279] scsi target2:0:0: Beginning Domain Validation
[   13.403340] scsi target2:0:0: Domain Validation skipping write tests
[   13.519325] scsi target2:0:0: Ending Domain Validation
[   13.563927] scsi target2:0:0: asynchronous
[   13.840815] scsi 2:0:1:0: Direct-Access     VBOX     HARDDISK         1.0  PQ: 0 ANSI: 5
[   14.620098] scsi target2:0:1: Beginning Domain Validation
[   15.151659] random: fast init done
[   15.325785] scsi target2:0:1: Domain Validation skipping write tests
[   15.919199] scsi target2:0:1: Ending Domain Validation
[   15.949738] scsi target2:0:1: asynchronous
[   15.953949] random: systemd-udevd: uninitialized urandom read (16 bytes read)
[   15.955817] random: systemd-udevd: uninitialized urandom read (16 bytes read)
[   15.957780] random: systemd-udevd: uninitialized urandom read (16 bytes read)
[   15.969553] sd 2:0:0:0: [sda] 20971520 512-byte logical blocks: (10.7 GB/10.0 GiB)
[   15.969703] sd 2:0:0:0: [sda] Write Protect is off
[   15.969880] sd 2:0:0:0: [sda] Incomplete mode parameter data
[   15.969881] sd 2:0:0:0: [sda] Assuming drive cache: write through
[   16.259366] sd 2:0:0:0: Attached scsi generic sg0 type 0
[   16.259873] sd 2:0:1:0: Attached scsi generic sg1 type 0
[   16.260239]  sda: sda1
[   16.260346] sd 2:0:1:0: [sdb] 20480 512-byte logical blocks: (10.5 MB/10.0 MiB)
[   16.260387] sd 2:0:1:0: [sdb] Write Protect is off
[   16.260465] sd 2:0:1:0: [sdb] Incomplete mode parameter data
[   16.260466] sd 2:0:1:0: [sdb] Assuming drive cache: write through
[   16.260539] sd 2:0:0:0: [sda] Attached SCSI disk
[   16.263169] sd 2:0:1:0: [sdb] Attached SCSI disk
Begin: Loading essential drivers ... [   18.192067] raid6: sse2x1   gen() 12054 MB/s
[   18.364053] raid6: sse2x1   xor()  8760 MB/s
[   18.532048] raid6: sse2x2   gen() 15302 MB/s
[   18.616052] raid6: sse2x2   xor() 10068 MB/s
[   18.788064] raid6: sse2x4   gen() 17411 MB/s
[   18.916061] raid6: sse2x4   xor() 10317 MB/s
[   19.088048] raid6: avx2x1   gen() 23911 MB/s
[   19.264068] raid6: avx2x1   xor() 16957 MB/s
[   19.424048] raid6: avx2x2   gen() 31182 MB/s
[   19.600062] raid6: avx2x2   xor() 18207 MB/s
[   19.772063] raid6: avx2x4   gen() 34101 MB/s
[   19.944020] raid6: avx2x4   xor() 19631 MB/s
[   20.020849] raid6: using algorithm avx2x4 gen() 34101 MB/s
[   20.073762] raid6: .... xor() 19631 MB/s, rmw enabled
[   20.074358] raid6: using avx2x2 recovery algorithm
[   20.076182] xor: automatically using best checksumming function   avx       
[   20.190083] async_tx: api initialized (async)
done.
Begin: Running /scripts/init-p[   20.226736] Btrfs loaded, crc32c=crc32c-intel
remount ... done.
Begin: Mounting root file system ... Begin: Running /scripts/local-top ... done.
Begin: Running /scripts/local-premount ... Scanning for Btrfs filesystems
done.
Warning: fsck no[   20.331050] EXT4-fs (sda1): mounted filesystem with ordered data mode. Opts: (null)
t present, so skipping root file system
done.
Begin: Running /scripts/local-bottom ... done.
Begin: Running /scripts/init-bottom ... done.
[   20.818177] ip_tables: (C) 2000-2006 Netfilter Core Team
[   21.039495] systemd[1]: systemd 237 running in system mode. (+PAM +AUDIT +SELINUX +IMA +APPARMOR +SMACK +SYSVINIT +UTMP +LIBCRYPTSETUP +GCRYPT +GNUTLS +ACL +XZ +LZ4 +SECCOMP +BLKID +ELFUTILS +KMOD -IDN2 +IDN -PCRE2 default-hierarchy=hybrid)
[   22.079430] systemd[1]: Detected virtualization oracle.
[   22.080096] systemd[1]: Detected architecture x86-64.

Welcome to [1mUbuntu 18.04.1 LTS[0m!

[   22.465130] systemd[1]: Set hostname to <ubuntu>.
[   22.902374] systemd[1]: Initializing machine ID from random generator.
[   22.928584] systemd[1]: Installed transient /etc/machine-id file.
[   23.358045] systemd[1]: Started Forward Password Requests to Wall Directory Watch.
[[0;32m  OK  [0m] Started Forward Password Requests to Wall Directory Watch.
[   23.489385] systemd[1]: Reached target User and Group Name Lookups.
[[0;32m  OK  [0m] Reached target User and Group Name Lookups.
[   23.491059] systemd[1]: Set up automount Arbitrary Executable File Formats File System Automount Point.
[[0;32m  OK  [0m] Set up automount Arbitrary Executab…rmats File System Automount Point.
[   23.533850] systemd[1]: Reached target System Time Synchronized.
[[0;32m  OK  [0m] Reached target System Time Synchronized.
[[0;32m  OK  [0m] Reached target Swap.
[[0;32m  OK  [0m] Created slice User and Session Slice.
[[0;32m  OK  [0m] Created slice System Slice.
[[0;32m  OK  [0m] Listening on LVM2 metadata daemon socket.
[[0;32m  OK  [0m] Listening on LVM2 poll daemon socket.
[[0;32m  OK  [0m] Listening on Syslog Socket.
[[0;32m  OK  [0m] Listening on Journal Socket.
         Starting Load Kernel Modules...
[[0;32m  OK  [0m] Created slice system-serial\x[   23.713562] Loading iSCSI transport class v2.0-870.
2dgetty.slice.
[   23.994896] iscsi: registered transport (tcp)
[[0;32m  OK  [0[   24.196285] iscsi: registered transport (iser)
m] Listening on Network Service Netlink Socket.
[[0;32m  OK  [0m] Listening on udev Control Socket.
         Starting Uncomplicated firewall...
[[0;32m  OK  [0m[   24.329716] random: crng init done
[   24.491883] random: 7 urandom warning(s) missed due to ratelimiting
] Listening on Device-mapper event daemon FIFOs.
         Starting Monitoring of LVM2 mirrors…ng dmeventd or progress polling...
[[0;32m  OK  [0m] Listening on udev Kernel Socket.
         Mounting POSIX Message Queue File System...
[[0;32m  OK  [0m] Listening on Journal Audit Socket.
[[0;32m  OK  [0m] Listening on /dev/initctl Compatibility Named Pipe.
         Starting udev Coldplug all Devices...
         Starting Create list of required st…ce nodes for the current kernel...
         Starting Set the console keyboard layout...
[[0;32m  OK  [0m] Listening on Journal Socket (/dev/log).
         Starting Journal Service...
         Mounting Huge Pages File System...
         [   24.928771] EXT4-fs (sda1): re-mounted. Opts: (null)
Starting Remount Root and Kernel File Systems...
         Mounting Kernel Debug File System...
[[0;32m  OK  [0m] Reached target Slices.
[[0;32m  OK  [0m] Started Journal Service.
[[0;32m  OK  [0m] Started Load Kernel Modules.
[[0;32m  OK  [0m] Started Uncomplicated firewall.
[[0;32m  OK  [0m] Mounted POSIX Message Queue File System.
[[0;32m  OK  [0m] Started Create list of required sta…vice nodes for the current kernel.
[[0;32m  OK  [0m] Started Set the console keyboard layout.
[[0;32m  OK  [0m] Mounted Huge Pages File System.
[[0;32m  OK  [0m] Started Remount Root and Kernel File Systems.
[[0;32m  OK  [0m] Mounted Kernel Debug File System.
[[0;32m  OK  [0m] Started udev Coldplug all Devices.
[[0;32m  OK  [0m] Started LVM2 metadata daemon.
         Starting Initial cloud-init job (pre-networking)...
         Starting Load/Save Random Seed...
         Starting Create Static Device Nodes in /dev...
         Mounting FUSE Control File System...
         Starting Apply Kernel Variables...
         Mounting Kernel Configuration File System...
         Starting Flush Journal to Persistent Storage...
[[0;32m  OK  [0m] Started Monitoring of LVM2 mirrors,…sing dmeventd or progress polling.
[[0;32m  OK  [0m] Started Load/Save Random Seed.
[[0;32m  OK  [0m] Started Create Static Device Nodes in /dev.
[[0;32m  OK  [0m] Mounted FUSE Control File System.
[[0;32m  OK  [0m] Mounted Kernel Configuration File System.
         Starting udev Kernel Device Manager...
[[0;32m  OK  [0m] Reached target Local File Systems (Pre).
[[0;32m  OK  [0m] Reached target Local File Systems.
         Starting Set console font and keymap...
         Starting ebtables ruleset management...
         Starting Commit a transient machine-id on disk...
         Starting AppArmor initialization...
         Starting Tell Plymouth To Write Out Runtime Data...
[[0;32m  OK  [0m] Started udev Kernel Device Manager.
[[0;32m  OK  [0m] Started Apply Kernel Variables.
[[0;32m  OK  [0m] Started Set console font and keymap.
[[0;32m  OK  [0m] Started Tell Plymouth To Write Out Runtime Data.
[[0;32m  OK  [0m] Started Dispatch Password Requests to Console Directory Watch.
[[0;32m  OK  [0m] Reached target Local Encrypted Volumes.
[[0;32m  OK  [0m] Started Flush Journal to Persistent Storage.
[[0;32m  OK  [0m] Started Commit a transient machine-id on disk.
         Starting Create Volatile Files and Directories...
[[0;32m  OK  [0m] Started Create Volatile Files and Directories.
[[0;32m  OK  [0m] Found device /dev/ttyS0.
[[0;32m  OK  [0m] Started ebtables ruleset management.
[[0;32m  OK  [0m] Listening on Load/Save RF Kill Switch Status /dev/rfkill Watch.
         Starting Update UTMP about System Boot/Shutdown...
[[0;32m  OK  [0m] Started Update UTMP about System Boot/Shutdown.
[[0;32m  OK  [0m] Started AppArmor initialization.
[   27.112358] cloud-init[405]: Cloud-init v. 18.3-9-g2e62cb8a-0ubuntu1~18.04.2 running 'init-local' at Thu, 30 Aug 2018 02:57:01 +0000. Up 26.76 seconds.
[[0;32m  OK  [0m] Started Initial cloud-init job (pre-networking).
[[0;32m  OK  [0m] Reached target Network (Pre).
         Starting Network Service...
[[0;32m  OK  [0m] Started Network Service.
         Starting Wait for Network to be Configured...
         Starting Network Name Resolution...
[[0;32m  OK  [0m] Started Network Name Resolution.
[[0;32m  OK  [0m] Reached target Host and Network Name Lookups.
[[0;32m  OK  [0m] Reached target Network.
[[0;32m  OK  [0m] Started Wait for Network to be Configured.
         Starting Initial cloud-init job (metadata service crawler)...
[   29.957185] cloud-init[648]: Cloud-init v. 18.3-9-g2e62cb8a-0ubuntu1~18.04.2 running 'init' at Thu, 30 Aug 2018 02:57:03 +0000. Up 28.87 seconds.
[[0;32m  OK  [0m] Started Initial cloud-init job (metadata service crawler).
[   30.008417] [[0;32m  OK  [0m] Reached target Cloud-config availability.
[[0;32m  OK  [0m] Reached target System Initialization.
[[0;32m  OK  [0m] Started Daily Cleanup of Temporary Directories.
cloud-init[648]: ci-info: ++++++++++++++++++++++++++++++++++++++Net device info+++++++++++++++++++++++++++++++++++++++
         Starting LXD - unix socket.
[   30.045584] [[0;32m  OK  [0m] Listening on UUID daemon activation socket.
[[0;32m  OK  [0m] Started Daily apt download activities.
cloud-init[648]: ci-info: +--------+-------+----------------------------+---------------+--------+-------------------+
[   30.054493]          Starting Socket activation for snappy daemon.
[[0;32m  OK  [0m] Started Daily apt upgrade and clean activities.
cloud-init[648]: ci-info: | Device |   Up  |          Address           |      Mask     | Scope  |     Hw-Address    |
[[0;32m  OK  [0m] Started ACPI Events Check.
[[0;32m  OK  [0m] Reached target Paths.
[[0;32m  OK  [0m] Started Message of the Day.
[   30.113128] cloud-init[648]: ci-info: +--------+-------+----------------------------+---------------+--------+-------------------+
[[0;32m  OK  [0m] Listening on D-Bus System Message Bus Socket.
[   30.216532] [cloud-init[0;32m  OK  [0m[648]: ] ci-info: | enp0s3 |  True |         10.0.2.15          | 255.255.255.0 | global | 02:5f:45:77:d1:f5 |Started Discard unused blocks once a week.

[   30.324534] [cloud-init[0;32m  OK  [0m[648]: ] ci-info: | enp0s3 |  True | fe80::5f:45ff:fe77:d1f5/64 |       .       |  link  | 02:5f:45:77:d1:f5 |Reached target Timers.

[[0;32m  OK  [0m] Listening on ACPID Listen Socket.
[   30.389334] cloud-init[648]: ci-info: | enp0s8 | False |             .              |       .       |   .    | 08:00:27:06:0a:2a |
[[0;32m  OK  [0m] Reached target Network is Online.
[   30.448661] cloud-init[648]: ci-info: |   lo   |  True |         127.0.0.1          |   255.0.0.0   |  host  |         .         |
         Starting iSCSI initiator daemon (iscsid)...
[   30.537987] [[0;32m  OK  [0m] Listening on LXD - unix socket.
[[0;32m  OK  [0m] Listening on Socket activation for snappy daemon.
[[0;32m  OK  [0m] Reached target Sockets.
[[0;32m  OK  [0m] Reached target Basic System.
cloud-init[648]: ci-info: |   lo   |  True |          ::1/128           |       .       |  host  |         .         |
         Starting Login Service...
[   30.604473] cloud-init[648]: ci-info: +--------+-------+----------------------------+---------------+--------+-------------------+         Starting Virtualbox guest utils...

[   30.606378]          cloud-initStarting LSB: Record successful boot for GRUB...[648]: 
ci-info: ++++++++++++++++++++++++++++Route IPv4 info+++++++++++++++++++++++++++++
         Starting Dispatcher daemon for systemd-networkd...
[   30.637368] cloud-init[648]: ci-info: +-------+-------------+----------+-----------------+-----------+-------+         Starting System Logging Service...

[   30.639318] cloud-init[648]: ci-info: | Route | Destination | Gateway  |     Genmask     | Interface | Flags |         Starting Snappy daemon...

[[0;32m  OK  [0m] Started D-Bus System Message Bus.
[   30.697370] cloud-init[648]: ci-info: +-------+-------------+----------+-----------------+-----------+-------+
[   30.772358] cloud-init[648]: ci-info: |   0   |   0.0.0.0   | 10.0.2.2 |     0.0.0.0     |   enp0s3  |   UG  |
[   30.794830] cloud-init[648]: ci-info: |   1   |   10.0.2.0  | 0.0.0.0  |  255.255.255.0  |   enp0s3  |   U   |
[[0;32m  OK  [0m] Started Login Service.
[   30.850155] cloud-init[648]: ci-info: |   2   |   10.0.2.2  | 0.0.0.0  | 255.255.255.255 |   enp0s3  |   UH  |
[[0;32m  OK  [0m] Started FUSE filesystem for LXC.
[   30.956185] cloud-init[648]: ci-info: +-------+-------------+----------+-----------------+-----------+-------+
[[0;32m  OK  [0m] Started irqbalance daemon.
[   31.024932] cloud-init[648]: ci-info: +++++++++++++++++++Route IPv6 info+++++++++++++++++++
[[0;32m  OK  [0m] Started Deferred execution scheduler.
[   31.106685] cloud-init[648]: ci-info: +-------+-------------+---------+-----------+-------+
         Starting Accounts Service...
[   31.178045] [cloud-init[648]: [0;32m  OK  [0mci-info: | Route | Destination | Gateway | Interface | Flags |] 
Started Unattended Upgrades Shutdown.
         Starting LXD - container startup/shutdown...
[   31.256640] cloud-init[648]: ci-info: +-------+-------------+---------+-----------+-------+
[   31.293585] cloud-init[648]: ci-info: |   1   |  fe80::/64  |    ::   |   enp0s3  |   U   |
[[0;32m  OK  [0m] Started Regular background program processing daemon.
[   31.328380] cloud-init[648]: ci-info: |   3   |    local    |    ::   |   enp0s3  |   U   |
         Starting Pollinate to seed the pseudo random number generator...
[   31.406054] cloud-init[648]: ci-info: |   4   |   ff00::/8  |    ::   |   enp0s3  |   U   |
[   31.430826] cloud-init[[0;32m  OK  [0m] Started System Logging Service.
[[0;32m  OK  [0m] Started Dispatcher daemon for systemd-networkd.
[[0;32m  OK  [0m] Started Snappy daemon.
[[0;32m  OK  [0m] Started iSCSI initiator daemon (iscsid).
[648]: ci-info: +-------+-------------+---------+-----------+-------+
         Starting Authorization Manager...
[   31.482460] cloud-init[648]: Generating public/private rsa key pair.
         Starting Availability of block devices...
[[0;32m  OK  [0m[   31.552385] ] Reached target Remote File Systems (Pre).cloud-init
[648]: Your identification has been saved in /etc/ssh/ssh_host_rsa_key.
[[   31.656243] cloud-init[648]: Your public key has been saved in /etc/ssh/ssh_host_rsa_key.pub.
[   31.656343] cloud-init[648]: The key fingerprint is:
[0;32m  OK  [0m] Reached target Remote File Systems.
[   31.656435] cloud-init[648]: SHA256:c79HcvURJT1ldfjBTgrEVfgjh77J/vbPP4NH+/ZwTEQ root@ubuntu-bionic
         [   31.779107] cloud-init[648]: The key's randomart image is:
[   31.779312] cloud-init[648]: +---[RSA 2048]----+
Starting Permit User Sessions...
[   31.779568] cloud-init[648]: |          o...=+E|
[   31.813004] cloud-init[648]: |           o ..Xo|
[   31.813800] cloud-init[648]: |            . *.=|
[   31.814563] cloud-init[648]: |             + Bo|
[   31.815420] cloud-init[648]: |        S . . o.=|
         [   31.824280] Starting LSB: automatic crash report generation...cloud-init
[648]: |         o ...o+.|
         [   31.883310] cloud-init[648]: |            o+* +|
[   31.883443] cloud-init[648]: |             *.X.|
[   31.883790] cloud-init[648]: |            oo+o/|
[   31.884040] cloud-init[648]: +----[SHA256]-----+
Starting Wait until snapd is fully seeded...
[   31.884130] cloud-init[648]: Generating public/private dsa key pair.
[[   31.959645] cloud-init[648]: Your identification has been saved in /etc/ssh/ssh_host_dsa_key.
[   31.959755] cloud-init[648]: Your public key has been saved in /etc/ssh/ssh_host_dsa_key.pub.
[   31.959952] cloud-init[648]: The key fingerprint is:
[   31.960171] cloud-init[648]: SHA256:iUgdwwxm3RxRi6eMc2R2tzJo4z4Ae7/J822EcctYrR4 root@ubuntu-bionic
[   31.960378] cloud-init[648]: The key's randomart image is:
[   31.960480] cloud-init[648]: +---[DSA 1024]----+
[   31.960584] cloud-init[648]: |    +=ooo+.      |
[   31.960692] cloud-init[648]: |   o .+oo. .     |
[   31.960792] cloud-init[648]: |    . . = + ..   |
[   31.960895] cloud-init[648]: |   ... B *..o..  |
[   31.960998] cloud-init[648]: |    .o+ S oB.o   |
[   31.961104] cloud-init[648]: |    . o= .ooE    |
[   31.961249] cloud-init[648]: |     . o.  o .   |
[   31.961367] cloud-init[648]: |       o+. .o    |
[   31.961471] cloud-init[648]: |        ==...    |
[   31.961572] cloud-init[648]: +----[SHA256]-----+
[   31.961676] cloud-init[648]: Generating public/private ecdsa key pair.
[   31.961781] cloud-init[648]: Your identification has been saved in /etc/ssh/ssh_host_ecdsa_key.
[   31.961882] cloud-init[648]: Your public key has been saved in /etc/ssh/ssh_host_ecdsa_key.pub.
[   31.961988] cloud-init[648]: The key fingerprint is:
[   31.962093] cloud-init[648]: SHA256:58viBwTOK+s2f8xk9/8Hwb/7mlA3TN15atdxq7Ryl0k root@ubuntu-bionic
[   31.962294] cloud-init[648]: The key's randomart image is:
[   31.962401] cloud-init[648]: +---[ECDSA 256]---+
[   31.962503] cloud-init[648]: |                 |
[   31.962610] cloud-init[648]: |      .         +|
[   31.962713] cloud-init[648]: |     o .     . +=|
[   31.962816] cloud-init[648]: |      o .     =.*|
[   31.962917] cloud-init[648]: |       oS .  .+E+|
[   31.963021] cloud-init[648]: |    . . +o. .o=o=|
[   31.963124] cloud-init[648]: |     o = o.o.+ =.|
[   31.963230] cloud-init[648]: |    +   =...+..o.|
[   31.963476] cloud-init[648]: |   o.o.o.oo  .++*|
[   31.963696] cloud-init[648]: +----[SHA256]-----+
[   31.963804] cloud-init[648]: Generating public/private ed25519 key pair.
[   31.963905] cloud-init[648]: Your identification has been saved in /etc/ssh/ssh_host_ed25519_key.
[   31.964134] cloud-init[648]: Your public key has been saved in /etc/ssh/ssh_host_ed25519_key.pub.
[   31.964327] cloud-init[648]: The key fingerprint is:
[   31.964805] cloud-init[648]: SHA256:V1NOWa4yrE0IuaDN4Xe0MADGI6wrY1UvtXm4MLnzfl8 root@ubuntu-bionic
[   31.964952] cloud-init[648]: The key's randomart image is:
[   31.965057] cloud-init[648]: +--[ED25519 256]--+
[   31.965163] cloud-init[648]: | . .o..       oo.|
[   31.965264] cloud-init[648]: |  o.o. o .   +.. |
[   31.965367] cloud-init[648]: | . ...* O . o . .|
[   31.965470] cloud-init[648]: |.  . X B B = . . |
[   31.965576] cloud-init[648]: | .. . O S = = .  |
[   31.965677] cloud-init[648]: |+.   o o o + o   |
[   31.965786] cloud-init[648]: |o.    o   . .E   |
[   31.965887] cloud-init[648]: |       . .  .    |
[   31.965992] cloud-init[648]: |      ... ..     |
[   31.966221] cloud-init[648]: +----[SHA256]-----+
[0;32m  OK  [0m] Started Virtualbox guest utils.
[[0;32m  OK  [0m] Started LSB: Record successful boot for GRUB.
[[0;32m  OK  [0m] Started LXD - container startup/shutdown.
[[0;32m  OK  [0m] Started Availability of block devices.
[[0;32m  OK  [0m] Started Permit User Sessions.
[[0;32m  OK  [0m] Started Authorization Manager.
[[0;32m  OK  [0m] Started Accounts Service.
         Starting Hold until boot process finishes up...
         Starting Terminate Plymouth Boot Screen...
[[0;32m  OK  [0m] Started Hold until boot process finishes up.
         Starting Set console scheme...
[[0;32m  OK  [0m] Started Serial Getty on ttyS0.
[[0;32m  OK  [0m] Started LSB: automatic crash report generation.
[[0;32m  OK  [0m] Started Terminate Plymouth Boot Screen.
[[0;32m  OK  [0m] Started Set console scheme.
[[0;32m  OK  [0m] Created slice system-getty.slice.
[[0;32m  OK  [0m] Started Getty on tty1.
[[0;32m  OK  [0m] Reached target Login Prompts.
[[0;32m  OK  [0m] Started Wait until snapd is fully seeded.
         Starting Apply the settings specified in cloud-config...
[   35.652802] cloud-init[1193]: Cloud-init v. 18.3-9-g2e62cb8a-0ubuntu1~18.04.2 running 'modules:config' at Thu, 30 Aug 2018 02:57:10 +0000. Up 35.25 seconds.
[[0;32m  OK  [0m] Started Apply the settings specified in cloud-config.
[[0;32m  OK  [0m] Started Pollinate to seed the pseudo random number generator.
         Starting OpenBSD Secure Shell server...
[[0;32m  OK  [0m] Started OpenBSD Secure Shell server.
[[0;32m  OK  [0m] Reached target Multi-User System.
[[0;32m  OK  [0m] Reached target Graphical Interface.
         Starting Update UTMP about System Runlevel Changes...
         Starting Execute cloud user/final scripts...
[[0;32m  OK  [0m] Started Update UTMP about System Runlevel Changes.
[[0;32m  OK  [0m] Created slice User Slice of vagrant.
         Starting User Manager for UID 1000...
[[0;32m  OK  [0m] Started Session 1 of user vagrant.
[[0;32m  OK  [0m] Started User Manager for UID 1000.
ci-info: no authorized ssh keys fingerprints found for user ubuntu.
<14>Aug 30 02:57:11 ec2: 
<14>Aug 30 02:57:11 ec2: #############################################################
<14>Aug 30 02:57:11 ec2: -----BEGIN SSH HOST KEY FINGERPRINTS-----
<14>Aug 30 02:57:11 ec2: 1024 SHA256:iUgdwwxm3RxRi6eMc2R2tzJo4z4Ae7/J822EcctYrR4 root@ubuntu-bionic (DSA)
<14>Aug 30 02:57:11 ec2: 256 SHA256:58viBwTOK+s2f8xk9/8Hwb/7mlA3TN15atdxq7Ryl0k root@ubuntu-bionic (ECDSA)
<14>Aug 30 02:57:11 ec2: 256 SHA256:V1NOWa4yrE0IuaDN4Xe0MADGI6wrY1UvtXm4MLnzfl8 root@ubuntu-bionic (ED25519)
<14>Aug 30 02:57:11 ec2: 2048 SHA256:c79HcvURJT1ldfjBTgrEVfgjh77J/vbPP4NH+/ZwTEQ root@ubuntu-bionic (RSA)
<14>Aug 30 02:57:11 ec2: -----END SSH HOST KEY FINGERPRINTS-----
<14>Aug 30 02:57:11 ec2: #############################################################
-----BEGIN SSH HOST KEY KEYS-----
ecdsa-sha2-nistp256 AAAAE2VjZHNhLXNoYTItbmlzdHAyNTYAAAAIbmlzdHAyNTYAAABBBCWZS6pjeon66Om5ZgZxtmjp9lny6crfCvTPCTKkeFBuLJCMpXJVejOziqZkAqQYGlXAMYInM09QfJbT8Zo/Eh0= root@ubuntu-bionic
ssh-ed25519 AAAAC3NzaC1lZDI1NTE5AAAAIA5T2l8AdC/6rem52qx2mUNCEEdnt5ZKr7BPRi3V8RgP root@ubuntu-bionic
ssh-rsa AAAAB3NzaC1yc2EAAAADAQABAAABAQD9+SYPaFJAjrRgjM/kx2YHZy+QXL5XdvVHWUTtMGNbHM5+CDkUMkGekFvP057+tLsy7d1igYDupUUUO3XwMiK3VuxCf/xoL2s3fiJXBZ1CeRSm68hW+A5CijB58tM5dEBArtNcTttrbowRFlHr3/tKZNgQF0ml7X3WSVXkO698T9WQa4ixcw2Yoelljl3nRY2p/zFNwX8o7yRiW3g8dnQ/+LpLfyp2DswtjTQe55Sslct6aXvAQl2iLSvJMpSr3vEDRM0tyND5Pp9n+vghMaArppiKugjeO4sLDRHG9kTocBg2mH41UyHffo3GKZm7OOlkI5SIWbFLCxBK/vSWHfTD root@ubuntu-bionic
-----END SSH HOST KEY KEYS-----
[   37.169378] cloud-init[1302]: Cloud-init v. 18.3-9-g2e62cb8a-0ubuntu1~18.04.2 running 'modules:final' at Thu, 30 Aug 2018 02:57:11 +0000. Up 36.70 seconds.
[   37.169798] cloud-init[1302]: ci-info: no authorized ssh keys fingerprints found for user ubuntu.
[   37.169840] cloud-init[1302]: Cloud-init v. 18.3-9-g2e62cb8a-0ubuntu1~18.04.2 finished at Thu, 30 Aug 2018 02:57:12 +0000. Datasource DataSourceNoCloud [seed=/dev/sdb][dsmode=net].  Up 37.15 seconds

Ubuntu 18.04.1 LTS ubuntu-bionic ttyS0

ubuntu-bionic login: 